\BOOKMARK [0][-]{chapter.1}{A Theoretical Overview}{}% 1
\BOOKMARK [1][-]{section.1.1}{An introduction for the musician}{chapter.1}% 2
\BOOKMARK [1][-]{section.1.2}{An introduction to tonal harmony and the chorale}{chapter.1}% 3
\BOOKMARK [0][-]{chapter.2}{Establishing a baseline model}{}% 4
\BOOKMARK [1][-]{section.2.1}{Motivation for the harmonization task}{chapter.2}% 5
\BOOKMARK [1][-]{section.2.2}{Literature Review}{chapter.2}% 6
\BOOKMARK [1][-]{section.2.3}{Baseline models}{chapter.2}% 7
\BOOKMARK [1][-]{section.2.4}{Harmonization tasks}{chapter.2}% 8
\BOOKMARK [2][-]{section*.20}{Introduction GCT encoding}{section.2.4}% 9
\BOOKMARK [2][-]{section*.22}{Subtask objective}{section.2.4}% 10
\BOOKMARK [1][-]{section.2.5}{Methods}{chapter.2}% 11
\BOOKMARK [2][-]{section*.24}{Important resources}{section.2.5}% 12
\BOOKMARK [2][-]{section*.25}{Data}{section.2.5}% 13
\BOOKMARK [1][-]{section.2.6}{Results}{chapter.2}% 14
\BOOKMARK [1][-]{section.2.7}{Discussion}{chapter.2}% 15
\BOOKMARK [0][-]{chapter.3}{A Neural approach to harmonic analysis and prediction}{}% 16
\BOOKMARK [1][-]{section.3.1}{Introducing Neural Networks}{chapter.3}% 17
\BOOKMARK [1][-]{section.3.2}{Methods}{chapter.3}% 18
\BOOKMARK [2][-]{section*.31}{Two approaches to harmonization}{section.3.2}% 19
\BOOKMARK [2][-]{section*.32}{Oracle experiment}{section.3.2}% 20
\BOOKMARK [2][-]{section*.33}{Architecture for neural models}{section.3.2}% 21
\BOOKMARK [1][-]{section.3.3}{Results}{chapter.3}% 22
\BOOKMARK [1][-]{section.3.4}{Discussion}{chapter.3}% 23
\BOOKMARK [2][-]{section*.37}{Neural network results}{section.3.4}% 24
\BOOKMARK [2][-]{section*.38}{Analyzing Random Forest harmonizations}{section.3.4}% 25
\BOOKMARK [2][-]{section*.39}{Methods for an improved sequential subtask model}{section.3.4}% 26
\BOOKMARK [0][-]{chapter.4}{Chapter 4 - Looking forward}{}% 27
\BOOKMARK [1][-]{section.4.1}{Further Exploration: The Bach Inventions}{chapter.4}% 28
\BOOKMARK [1][-]{section.4.2}{Conclusion}{chapter.4}% 29
\BOOKMARK [2][-]{section*.48}{Code and related files}{section.4.2}% 30
